<?xml version="1.0" encoding="UTF-8"?>
<!-- Generated by org.testng.reporters.JUnitReportReporter -->
<testsuite skipped="0" hostname="SURENAND" name="com.restassured.SwaggerPost" tests="1" failures="0" timestamp="04 Jul 2023 11:47:21 GMT" time="69.616" errors="0">
  <testcase name="login" time="69.616" classname="com.restassured.SwaggerPost"/>
</testsuite> <!-- com.restassured.SwaggerPost -->
