<?xml version="1.0" encoding="UTF-8"?>
<!-- Generated by org.testng.reporters.JUnitReportReporter -->
<testsuite skipped="0" hostname="SURENAND" name="com.omrbranch.pojo.swaggerPostPojo" tests="1" failures="0" timestamp="05 Jul 2023 10:35:22 GMT" time="6.684" errors="0">
  <testcase name="login" time="6.684" classname="com.omrbranch.pojo.swaggerPostPojo"/>
</testsuite> <!-- com.omrbranch.pojo.swaggerPostPojo -->
