<?xml version="1.0" encoding="UTF-8"?>
<!-- Generated by org.testng.reporters.JUnitReportReporter -->
<testsuite skipped="0" hostname="SURENAND" name="com.baseclass.testng.BaseTestNgList" tests="1" failures="0" timestamp="10 Jul 2023 15:45:49 GMT" time="1.722" errors="0">
  <testcase name="getListFlight" time="1.722" classname="com.baseclass.testng.BaseTestNgList"/>
</testsuite> <!-- com.baseclass.testng.BaseTestNgList -->
