<?xml version="1.0" encoding="UTF-8"?>
<!-- Generated by org.testng.reporters.JUnitReportReporter -->
<testsuite skipped="0" hostname="SURENAND" name="com.restassured.SwaggerAddressPost" tests="7" failures="0" timestamp="10 Jul 2023 16:25:42 GMT" time="4.677" errors="0">
  <testcase name="login1" time="1.471" classname="com.restassured.SwaggerAddressPost"/>
  <testcase name="AddUserAddress" time="0.613" classname="com.restassured.SwaggerAddressPost"/>
  <testcase name="UpdateUserAddress" time="0.522" classname="com.restassured.SwaggerAddressPost"/>
  <testcase name="GetAllUserAddress" time="0.613" classname="com.restassured.SwaggerAddressPost"/>
  <testcase name="DeleteUserAddress" time="0.407" classname="com.restassured.SwaggerAddressPost"/>
  <testcase name="getStatelist" time="0.584" classname="com.restassured.SwaggerAddressPost"/>
  <testcase name="getCityList" time="0.467" classname="com.restassured.SwaggerAddressPost"/>
</testsuite> <!-- com.restassured.SwaggerAddressPost -->
